#
# There is insufficient memory for the Java Runtime Environment to continue.
# Native memory allocation (mmap) failed to map 264241152 bytes for G1 virtual space
# Possible reasons:
#   The system is out of physical RAM or swap space
#   The process is running with CompressedOops enabled, and the Java Heap may be blocking the growth of the native heap
# Possible solutions:
#   Reduce memory load on the system
#   Increase physical memory or swap space
#   Check if swap backing store is full
#   Decrease Java heap size (-Xmx/-Xms)
#   Decrease number of Java threads
#   Decrease Java thread stack sizes (-Xss)
#   Set larger code cache with -XX:ReservedCodeCacheSize=
#   JVM is running with Zero Based Compressed Oops mode in which the Java heap is
#     placed in the first 32GB address space. The Java Heap base address is the
#     maximum limit for the native heap growth. Please use -XX:HeapBaseMinAddress
#     to set the Java Heap base and to place the Java Heap above 32GB virtual address.
# This output file may be truncated or incomplete.
#
#  Out of Memory Error (os_windows.cpp:3613), pid=23944, tid=29240
#
# JRE version:  (17.0.10+7) (build )
# Java VM: OpenJDK 64-Bit Server VM (17.0.10+7, mixed mode, sharing, tiered, compressed oops, compressed class ptrs, g1 gc, windows-amd64)
# No core dump will be written. Minidumps are not enabled by default on client versions of Windows
#

---------------  S U M M A R Y ------------

Command Line: -Dfile.encoding=UTF-8 -Dstdout.encoding=UTF-8 -Dstderr.encoding=UTF-8 -XX:+ShowCodeDetailsInExceptionMessages com.il03.utility.TrainerUtility

Host: 12th Gen Intel(R) Core(TM) i7-1255U, 12 cores, 15G,  Windows 11 , 64 bit Build 22621 (10.0.22621.3235)
Time: Sat Apr 27 14:31:56 2024 India Standard Time elapsed time: 0.038141 seconds (0d 0h 0m 0s)

---------------  T H R E A D  ---------------

Current thread (0x000001e559a674b0):  JavaThread "Unknown thread" [_thread_in_vm, id=29240, stack(0x00000047e7600000,0x00000047e7700000)]

Stack: [0x00000047e7600000,0x00000047e7700000]
Native frames: (J=compiled Java code, j=interpreted, Vv=VM code, C=native code)
V  [jvm.dll+0x67d2c9]
V  [jvm.dll+0x834afa]
V  [jvm.dll+0x8365be]
V  [jvm.dll+0x836c23]
V  [jvm.dll+0x2477ff]
V  [jvm.dll+0x67a109]
V  [jvm.dll+0x66eb7a]
V  [jvm.dll+0x30764b]
V  [jvm.dll+0x30eaf6]
V  [jvm.dll+0x35e83e]
V  [jvm.dll+0x35ea6f]
V  [jvm.dll+0x2de248]
V  [jvm.dll+0x2df1b4]
V  [jvm.dll+0x806361]
V  [jvm.dll+0x36c6f1]
V  [jvm.dll+0x7e4e06]
V  [jvm.dll+0x3eff3f]
V  [jvm.dll+0x3f1b71]
C  [jli.dll+0x528f]
C  [ucrtbase.dll+0x29363]
C  [KERNEL32.DLL+0x1257d]
C  [ntdll.dll+0x5aa58]


---------------  P R O C E S S  ---------------

Threads class SMR info:
_java_thread_list=0x00007ffa610dee98, length=0, elements={
}

Java Threads: ( => current thread )

Other Threads:
  0x000001e559ad7a10 GCTaskThread "GC Thread#0" [stack: 0x00000047e7700000,0x00000047e7800000] [id=18708]
  0x000001e559ae83b0 ConcurrentGCThread "G1 Main Marker" [stack: 0x00000047e7800000,0x00000047e7900000] [id=17764]
  0x000001e559ae8dd0 ConcurrentGCThread "G1 Conc#0" [stack: 0x00000047e7900000,0x00000047e7a00000] [id=31236]

[error occurred during error reporting (printing all threads), id 0xc0000005, EXCEPTION_ACCESS_VIOLATION (0xc0000005) at pc=0x00007ffa6089ec87]

VM state: not at safepoint (not fully initialized)

VM Mutex/Monitor currently owned by a thread:  ([mutex/lock_event])
[0x000001e559a63370] Heap_lock - owner thread: 0x000001e559a674b0

Heap address: 0x0000000705a00000, size: 4006 MB, Compressed Oops mode: Zero based, Oop shift amount: 3

CDS archive(s) mapped at: [0x0000000000000000-0x0000000000000000-0x0000000000000000), size 0, SharedBaseAddress: 0x0000000800000000, ArchiveRelocationMode: 1.
Narrow klass base: 0x0000000000000000, Narrow klass shift: 0, Narrow klass range: 0x0

GC Precious Log:
<Empty>

Heap:
 garbage-first heap   total 0K, used 0K [0x0000000705a00000, 0x0000000800000000)
  region size 2048K, 0 young (0K), 0 survivors (0K)

[error occurred during error reporting (printing heap information), id 0xc0000005, EXCEPTION_ACCESS_VIOLATION (0xc0000005) at pc=0x00007ffa60c86fb9]

GC Heap History (0 events):
No events

Dll operation events (1 events):
Event: 0.010 Loaded shared library C:\Users\thulasi.k\.p2\pool\plugins\org.eclipse.justj.openjdk.hotspot.jre.full.win32.x86_64_17.0.10.v20240120-1143\jre\bin\java.dll

Deoptimization events (0 events):
No events

Classes unloaded (0 events):
No events

Classes redefined (0 events):
No events

Internal exceptions (0 events):
No events

VM Operations (0 events):
No events

Events (0 events):
No events


Dynamic libraries:
0x00007ff67f0c0000 - 0x00007ff67f0ce000 	C:\Users\thulasi.k\.p2\pool\plugins\org.eclipse.justj.openjdk.hotspot.jre.full.win32.x86_64_17.0.10.v20240120-1143\jre\bin\javaw.exe
0x00007ffad2b30000 - 0x00007ffad2d46000 	C:\windows\SYSTEM32\ntdll.dll
0x00007ffad1520000 - 0x00007ffad15e4000 	C:\windows\System32\KERNEL32.DLL
0x00007ffad00b0000 - 0x00007ffad0456000 	C:\windows\System32\KERNELBASE.dll
0x00007ffacff90000 - 0x00007ffad00a1000 	C:\windows\System32\ucrtbase.dll
0x00007ffabfe70000 - 0x00007ffabfe87000 	C:\Users\thulasi.k\.p2\pool\plugins\org.eclipse.justj.openjdk.hotspot.jre.full.win32.x86_64_17.0.10.v20240120-1143\jre\bin\jli.dll
0x00007ffad2660000 - 0x00007ffad280d000 	C:\windows\System32\USER32.dll
0x00007ffacff60000 - 0x00007ffacff86000 	C:\windows\System32\win32u.dll
0x00007ffad2630000 - 0x00007ffad2659000 	C:\windows\System32\GDI32.dll
0x00007ffacfe40000 - 0x00007ffacff58000 	C:\windows\System32\gdi32full.dll
0x00007ffad05d0000 - 0x00007ffad066a000 	C:\windows\System32\msvcp_win.dll
0x00007ffab7a80000 - 0x00007ffab7a9b000 	C:\Users\thulasi.k\.p2\pool\plugins\org.eclipse.justj.openjdk.hotspot.jre.full.win32.x86_64_17.0.10.v20240120-1143\jre\bin\VCRUNTIME140.dll
0x00007ffab80f0000 - 0x00007ffab8383000 	C:\windows\WinSxS\amd64_microsoft.windows.common-controls_6595b64144ccf1df_6.0.22621.3235_none_270f74e173860f98\COMCTL32.dll
0x00007ffad09b0000 - 0x00007ffad0a57000 	C:\windows\System32\msvcrt.dll
0x00007ffad0850000 - 0x00007ffad0881000 	C:\windows\System32\IMM32.DLL
0x00007ffac1d70000 - 0x00007ffac1d7c000 	C:\Users\thulasi.k\.p2\pool\plugins\org.eclipse.justj.openjdk.hotspot.jre.full.win32.x86_64_17.0.10.v20240120-1143\jre\bin\vcruntime140_1.dll
0x00007ffaa5710000 - 0x00007ffaa579d000 	C:\Users\thulasi.k\.p2\pool\plugins\org.eclipse.justj.openjdk.hotspot.jre.full.win32.x86_64_17.0.10.v20240120-1143\jre\bin\msvcp140.dll
0x00007ffa605b0000 - 0x00007ffa61212000 	C:\Users\thulasi.k\.p2\pool\plugins\org.eclipse.justj.openjdk.hotspot.jre.full.win32.x86_64_17.0.10.v20240120-1143\jre\bin\server\jvm.dll
0x00007ffad1040000 - 0x00007ffad10f2000 	C:\windows\System32\ADVAPI32.dll
0x00007ffad0f90000 - 0x00007ffad1038000 	C:\windows\System32\sechost.dll
0x00007ffad06e0000 - 0x00007ffad0708000 	C:\windows\System32\bcrypt.dll
0x00007ffad1200000 - 0x00007ffad1315000 	C:\windows\System32\RPCRT4.dll
0x00007ffacec90000 - 0x00007ffacecdd000 	C:\windows\SYSTEM32\POWRPROF.dll
0x00007ffac6410000 - 0x00007ffac6419000 	C:\windows\SYSTEM32\WSOCK32.dll
0x00007ffad0890000 - 0x00007ffad0901000 	C:\windows\System32\WS2_32.dll
0x00007ffac6f40000 - 0x00007ffac6f74000 	C:\windows\SYSTEM32\WINMM.dll
0x00007ffac3380000 - 0x00007ffac338a000 	C:\windows\SYSTEM32\VERSION.dll
0x00007ffacec70000 - 0x00007ffacec83000 	C:\windows\SYSTEM32\UMPDC.dll
0x00007ffacef30000 - 0x00007ffacef48000 	C:\windows\SYSTEM32\kernel.appcore.dll
0x00007ffab8620000 - 0x00007ffab862a000 	C:\Users\thulasi.k\.p2\pool\plugins\org.eclipse.justj.openjdk.hotspot.jre.full.win32.x86_64_17.0.10.v20240120-1143\jre\bin\jimage.dll
0x00007ffacd480000 - 0x00007ffacd6b3000 	C:\windows\SYSTEM32\DBGHELP.DLL
0x00007ffad2140000 - 0x00007ffad24c8000 	C:\windows\System32\combase.dll
0x00007ffad2810000 - 0x00007ffad28e7000 	C:\windows\System32\OLEAUT32.dll
0x00007ffaa8af0000 - 0x00007ffaa8b22000 	C:\windows\SYSTEM32\dbgcore.DLL
0x00007ffad07d0000 - 0x00007ffad084a000 	C:\windows\System32\bcryptPrimitives.dll
0x00007ffaa19b0000 - 0x00007ffaa19d5000 	C:\Users\thulasi.k\.p2\pool\plugins\org.eclipse.justj.openjdk.hotspot.jre.full.win32.x86_64_17.0.10.v20240120-1143\jre\bin\java.dll

dbghelp: loaded successfully - version: 4.0.5 - missing functions: none
symbol engine: initialized successfully - sym options: 0x614 - pdb path: .;C:\Users\thulasi.k\.p2\pool\plugins\org.eclipse.justj.openjdk.hotspot.jre.full.win32.x86_64_17.0.10.v20240120-1143\jre\bin;C:\windows\SYSTEM32;C:\windows\WinSxS\amd64_microsoft.windows.common-controls_6595b64144ccf1df_6.0.22621.3235_none_270f74e173860f98;C:\Users\thulasi.k\.p2\pool\plugins\org.eclipse.justj.openjdk.hotspot.jre.full.win32.x86_64_17.0.10.v20240120-1143\jre\bin\server

VM Arguments:
jvm_args: -Dfile.encoding=UTF-8 -Dstdout.encoding=UTF-8 -Dstderr.encoding=UTF-8 -XX:+ShowCodeDetailsInExceptionMessages 
java_command: com.il03.utility.TrainerUtility
java_class_path (initial): C:\Users\thulasi.k\Desktop\ilp3oopws\ILP_03_OOP_ELEARNING_SALARYCALC\bin
Launcher Type: SUN_STANDARD

[Global flags]
     intx CICompilerCount                          = 4                                         {product} {ergonomic}
     uint ConcGCThreads                            = 3                                         {product} {ergonomic}
     uint G1ConcRefinementThreads                  = 10                                        {product} {ergonomic}
   size_t G1HeapRegionSize                         = 2097152                                   {product} {ergonomic}
    uintx GCDrainStackTargetSize                   = 64                                        {product} {ergonomic}
   size_t InitialHeapSize                          = 264241152                                 {product} {ergonomic}
   size_t MarkStackSize                            = 4194304                                   {product} {ergonomic}
   size_t MaxHeapSize                              = 4200595456                                {product} {ergonomic}
   size_t MinHeapDeltaBytes                        = 2097152                                   {product} {ergonomic}
   size_t MinHeapSize                              = 8388608                                   {product} {ergonomic}
    uintx NonNMethodCodeHeapSize                   = 5839372                                {pd product} {ergonomic}
    uintx NonProfiledCodeHeapSize                  = 122909434                              {pd product} {ergonomic}
    uintx ProfiledCodeHeapSize                     = 122909434                              {pd product} {ergonomic}
    uintx ReservedCodeCacheSize                    = 251658240                              {pd product} {ergonomic}
     bool SegmentedCodeCache                       = true                                      {product} {ergonomic}
     bool ShowCodeDetailsInExceptionMessages       = true                                   {manageable} {command line}
   size_t SoftMaxHeapSize                          = 4200595456                             {manageable} {ergonomic}
     bool UseCompressedClassPointers               = true                           {product lp64_product} {ergonomic}
     bool UseCompressedOops                        = true                           {product lp64_product} {ergonomic}
     bool UseG1GC                                  = true                                      {product} {ergonomic}
     bool UseLargePagesIndividualAllocation        = false                                  {pd product} {ergonomic}

Logging:
Log output configuration:
 #0: stdout all=warning uptime,level,tags
 #1: stderr all=off uptime,level,tags

Environment Variables:
PATH=C:/Users/thulasi.k/.p2/pool/plugins/org.eclipse.justj.openjdk.hotspot.jre.full.win32.x86_64_17.0.10.v20240120-1143/jre/bin/server;C:/Users/thulasi.k/.p2/pool/plugins/org.eclipse.justj.openjdk.hotspot.jre.full.win32.x86_64_17.0.10.v20240120-1143/jre/bin;C:\Program Files\Common Files\Oracle\Java\javapath;C:\windows\system32;C:\windows;C:\windows\System32\Wbem;C:\windows\System32\WindowsPowerShell\v1.0\;C:\windows\System32\OpenSSH\;C:\Users\thulasi.k\AppData\Local\Microsoft\WindowsApps;C:\Users\thulasi.k\AppData\Local\Programs\Git\cmd;C:\Users\thulasi.k\AppData\Local\Programs\Microsoft VS Code\bin;C:\windows\System32;
USERNAME=thulasi.k
OS=Windows_NT
PROCESSOR_IDENTIFIER=Intel64 Family 6 Model 154 Stepping 4, GenuineIntel
TMP=C:\Users\thulasi.k\AppData\Local\Temp
TEMP=C:\Users\thulasi.k\AppData\Local\Temp



Periodic native trim disabled


---------------  S Y S T E M  ---------------

OS:
 Windows 11 , 64 bit Build 22621 (10.0.22621.3235)
OS uptime: 29 days 20:58 hours
Hyper-V role detected

CPU: total 12 (initial active 12) (6 cores per cpu, 2 threads per core) family 6 model 154 stepping 4 microcode 0x432, cx8, cmov, fxsr, ht, mmx, 3dnowpref, sse, sse2, sse3, ssse3, sse4.1, sse4.2, popcnt, lzcnt, tsc, tscinvbit, avx, avx2, aes, erms, clmul, bmi1, bmi2, adx, sha, fma, vzeroupper, clflush, clflushopt, clwb, hv
Processor Information for processor 0
  Max Mhz: 1700, Current Mhz: 1700, Mhz Limit: 1700
Processor Information for processor 1
  Max Mhz: 1700, Current Mhz: 1700, Mhz Limit: 1700
Processor Information for processor 2
  Max Mhz: 1700, Current Mhz: 1700, Mhz Limit: 1700
Processor Information for processor 3
  Max Mhz: 1700, Current Mhz: 1700, Mhz Limit: 1700
Processor Information for processor 4
  Max Mhz: 1700, Current Mhz: 1200, Mhz Limit: 1190
Processor Information for processor 5
  Max Mhz: 1700, Current Mhz: 1200, Mhz Limit: 1190
Processor Information for processor 6
  Max Mhz: 1700, Current Mhz: 1200, Mhz Limit: 1190
Processor Information for processor 7
  Max Mhz: 1700, Current Mhz: 1200, Mhz Limit: 1190
Processor Information for processor 8
  Max Mhz: 1700, Current Mhz: 1200, Mhz Limit: 1190
Processor Information for processor 9
  Max Mhz: 1700, Current Mhz: 1200, Mhz Limit: 1190
Processor Information for processor 10
  Max Mhz: 1700, Current Mhz: 1200, Mhz Limit: 1190
Processor Information for processor 11
  Max Mhz: 1700, Current Mhz: 1200, Mhz Limit: 1190

Memory: 4k page, system-wide physical 16016M (5334M free)
TotalPageFile size 46946M (AvailPageFile size 120M)
current process WorkingSet (physical memory assigned to process): 11M, peak: 11M
current process commit charge ("private bytes"): 64M, peak: 316M

vm_info: OpenJDK 64-Bit Server VM (17.0.10+7) for windows-amd64 JRE (17.0.10+7), built on Jan 16 2024 23:25:11 by "admin" with MS VC++ 16.10 / 16.11 (VS2019)

END.
